
*** Running vivado
    with args -log design_1_wrapper.vdi -applog -m64 -product Vivado -messageDb vivado.pb -mode batch -source design_1_wrapper.tcl -notrace


****** Vivado v2023.2 (64-bit)
  **** SW Build 4029153 on Fri Oct 13 20:13:54 MDT 2023
  **** IP Build 4028589 on Sat Oct 14 00:45:43 MDT 2023
  **** SharedData Build 4025554 on Tue Oct 10 17:18:54 MDT 2023
    ** Copyright 1986-2022 Xilinx, Inc. All Rights Reserved.
    ** Copyright 2022-2023 Advanced Micro Devices, Inc. All Rights Reserved.

source design_1_wrapper.tcl -notrace
create_project: Time (s): cpu = 00:00:05 ; elapsed = 00:00:05 . Memory (MB): peak = 1595.195 ; gain = 4.984 ; free physical = 799454 ; free virtual = 1155050
INFO: [IP_Flow 19-234] Refreshing IP repositories
INFO: [IP_Flow 19-1700] Loaded user IP repository '/home/yc7330/ip_repo'.
INFO: [IP_Flow 19-2313] Loaded Vivado IP repository '/eda/xilinx/Vivado/2023.2/data/ip'.
Command: link_design -top design_1_wrapper -part xc7z020clg400-1
Design is defaulting to srcset: sources_1
Design is defaulting to constrset: constrs_1
INFO: [Device 21-403] Loading part xc7z020clg400-1
INFO: [Project 1-454] Reading design checkpoint '/home/yc7330/Custom-Vitis-IP-for-Tiled-GEMM/vivado/gemm_bd/gemm_bd.gen/sources_1/bd/design_1/ip/design_1_clk_wiz_0/design_1_clk_wiz_0.dcp' for cell 'design_1_i/clk_wiz'
INFO: [Project 1-454] Reading design checkpoint '/home/yc7330/Custom-Vitis-IP-for-Tiled-GEMM/vivado/gemm_bd/gemm_bd.gen/sources_1/bd/design_1/ip/design_1_gemm_top_0_0/design_1_gemm_top_0_0.dcp' for cell 'design_1_i/gemm_top_0'
INFO: [Project 1-454] Reading design checkpoint '/home/yc7330/Custom-Vitis-IP-for-Tiled-GEMM/vivado/gemm_bd/gemm_bd.gen/sources_1/bd/design_1/ip/design_1_processing_system7_0_0/design_1_processing_system7_0_0.dcp' for cell 'design_1_i/processing_system7_0'
INFO: [Project 1-454] Reading design checkpoint '/home/yc7330/Custom-Vitis-IP-for-Tiled-GEMM/vivado/gemm_bd/gemm_bd.gen/sources_1/bd/design_1/ip/design_1_rst_clk_wiz_100M_0/design_1_rst_clk_wiz_100M_0.dcp' for cell 'design_1_i/rst_clk_wiz_100M'
INFO: [Project 1-454] Reading design checkpoint '/home/yc7330/Custom-Vitis-IP-for-Tiled-GEMM/vivado/gemm_bd/gemm_bd.gen/sources_1/bd/design_1/ip/design_1_rst_ps7_0_50M_0/design_1_rst_ps7_0_50M_0.dcp' for cell 'design_1_i/rst_ps7_0_50M'
INFO: [Project 1-454] Reading design checkpoint '/home/yc7330/Custom-Vitis-IP-for-Tiled-GEMM/vivado/gemm_bd/gemm_bd.gen/sources_1/bd/design_1/ip/design_1_auto_cc_0/design_1_auto_cc_0.dcp' for cell 'design_1_i/ps7_0_axi_periph/s00_couplers/auto_cc'
INFO: [Project 1-454] Reading design checkpoint '/home/yc7330/Custom-Vitis-IP-for-Tiled-GEMM/vivado/gemm_bd/gemm_bd.gen/sources_1/bd/design_1/ip/design_1_auto_pc_0/design_1_auto_pc_0.dcp' for cell 'design_1_i/ps7_0_axi_periph/s00_couplers/auto_pc'
Netlist sorting complete. Time (s): cpu = 00:00:00.09 ; elapsed = 00:00:00.09 . Memory (MB): peak = 2008.164 ; gain = 0.000 ; free physical = 798998 ; free virtual = 1154596
INFO: [Netlist 29-17] Analyzing 450 Unisim elements for replacement
INFO: [Netlist 29-28] Unisim Transformation completed in 0 CPU seconds
INFO: [Project 1-479] Netlist was created with Vivado 2023.2
INFO: [Project 1-570] Preparing netlist for logic optimization
WARNING: [Opt 31-32] Removing redundant IBUF since it is not being driven by a top-level port. design_1_i/clk_wiz/inst/clkin1_ibufg 
Resolution: The tool has removed redundant IBUF. To resolve this warning, check for redundant IBUF in the input design.
WARNING: [Constraints 18-550] Could not create 'IBUF_LOW_PWR' constraint because net 'design_1_i/clk_wiz/clk_in1' is not directly connected to top level port. 'IBUF_LOW_PWR' is ignored for synthesis but preserved for implementation.
Parsing XDC File [/home/yc7330/Custom-Vitis-IP-for-Tiled-GEMM/vivado/gemm_bd/gemm_bd.gen/sources_1/bd/design_1/ip/design_1_processing_system7_0_0/design_1_processing_system7_0_0.xdc] for cell 'design_1_i/processing_system7_0/inst'
Finished Parsing XDC File [/home/yc7330/Custom-Vitis-IP-for-Tiled-GEMM/vivado/gemm_bd/gemm_bd.gen/sources_1/bd/design_1/ip/design_1_processing_system7_0_0/design_1_processing_system7_0_0.xdc] for cell 'design_1_i/processing_system7_0/inst'
Parsing XDC File [/home/yc7330/Custom-Vitis-IP-for-Tiled-GEMM/vivado/gemm_bd/gemm_bd.gen/sources_1/bd/design_1/ip/design_1_rst_ps7_0_50M_0/design_1_rst_ps7_0_50M_0_board.xdc] for cell 'design_1_i/rst_ps7_0_50M/U0'
Finished Parsing XDC File [/home/yc7330/Custom-Vitis-IP-for-Tiled-GEMM/vivado/gemm_bd/gemm_bd.gen/sources_1/bd/design_1/ip/design_1_rst_ps7_0_50M_0/design_1_rst_ps7_0_50M_0_board.xdc] for cell 'design_1_i/rst_ps7_0_50M/U0'
Parsing XDC File [/home/yc7330/Custom-Vitis-IP-for-Tiled-GEMM/vivado/gemm_bd/gemm_bd.gen/sources_1/bd/design_1/ip/design_1_rst_ps7_0_50M_0/design_1_rst_ps7_0_50M_0.xdc] for cell 'design_1_i/rst_ps7_0_50M/U0'
Finished Parsing XDC File [/home/yc7330/Custom-Vitis-IP-for-Tiled-GEMM/vivado/gemm_bd/gemm_bd.gen/sources_1/bd/design_1/ip/design_1_rst_ps7_0_50M_0/design_1_rst_ps7_0_50M_0.xdc] for cell 'design_1_i/rst_ps7_0_50M/U0'
Parsing XDC File [/home/yc7330/Custom-Vitis-IP-for-Tiled-GEMM/vivado/gemm_bd/gemm_bd.gen/sources_1/bd/design_1/ip/design_1_clk_wiz_0/design_1_clk_wiz_0_board.xdc] for cell 'design_1_i/clk_wiz/inst'
Finished Parsing XDC File [/home/yc7330/Custom-Vitis-IP-for-Tiled-GEMM/vivado/gemm_bd/gemm_bd.gen/sources_1/bd/design_1/ip/design_1_clk_wiz_0/design_1_clk_wiz_0_board.xdc] for cell 'design_1_i/clk_wiz/inst'
Parsing XDC File [/home/yc7330/Custom-Vitis-IP-for-Tiled-GEMM/vivado/gemm_bd/gemm_bd.gen/sources_1/bd/design_1/ip/design_1_clk_wiz_0/design_1_clk_wiz_0.xdc] for cell 'design_1_i/clk_wiz/inst'
INFO: [Timing 38-35] Done setting XDC timing constraints. [/home/yc7330/Custom-Vitis-IP-for-Tiled-GEMM/vivado/gemm_bd/gemm_bd.gen/sources_1/bd/design_1/ip/design_1_clk_wiz_0/design_1_clk_wiz_0.xdc:54]
INFO: [Timing 38-2] Deriving generated clocks [/home/yc7330/Custom-Vitis-IP-for-Tiled-GEMM/vivado/gemm_bd/gemm_bd.gen/sources_1/bd/design_1/ip/design_1_clk_wiz_0/design_1_clk_wiz_0.xdc:54]
get_clocks: Time (s): cpu = 00:00:06 ; elapsed = 00:00:05 . Memory (MB): peak = 2820.512 ; gain = 582.820 ; free physical = 798418 ; free virtual = 1154022
Finished Parsing XDC File [/home/yc7330/Custom-Vitis-IP-for-Tiled-GEMM/vivado/gemm_bd/gemm_bd.gen/sources_1/bd/design_1/ip/design_1_clk_wiz_0/design_1_clk_wiz_0.xdc] for cell 'design_1_i/clk_wiz/inst'
Parsing XDC File [/home/yc7330/Custom-Vitis-IP-for-Tiled-GEMM/vivado/gemm_bd/gemm_bd.gen/sources_1/bd/design_1/ip/design_1_rst_clk_wiz_100M_0/design_1_rst_clk_wiz_100M_0_board.xdc] for cell 'design_1_i/rst_clk_wiz_100M/U0'
Finished Parsing XDC File [/home/yc7330/Custom-Vitis-IP-for-Tiled-GEMM/vivado/gemm_bd/gemm_bd.gen/sources_1/bd/design_1/ip/design_1_rst_clk_wiz_100M_0/design_1_rst_clk_wiz_100M_0_board.xdc] for cell 'design_1_i/rst_clk_wiz_100M/U0'
Parsing XDC File [/home/yc7330/Custom-Vitis-IP-for-Tiled-GEMM/vivado/gemm_bd/gemm_bd.gen/sources_1/bd/design_1/ip/design_1_rst_clk_wiz_100M_0/design_1_rst_clk_wiz_100M_0.xdc] for cell 'design_1_i/rst_clk_wiz_100M/U0'
Finished Parsing XDC File [/home/yc7330/Custom-Vitis-IP-for-Tiled-GEMM/vivado/gemm_bd/gemm_bd.gen/sources_1/bd/design_1/ip/design_1_rst_clk_wiz_100M_0/design_1_rst_clk_wiz_100M_0.xdc] for cell 'design_1_i/rst_clk_wiz_100M/U0'
Parsing XDC File [/home/yc7330/Custom-Vitis-IP-for-Tiled-GEMM/vivado/gemm_bd/gemm_bd.gen/sources_1/bd/design_1/ip/design_1_auto_cc_0/design_1_auto_cc_0_clocks.xdc] for cell 'design_1_i/ps7_0_axi_periph/s00_couplers/auto_cc/inst'
WARNING: [Vivado_Tcl 4-921] Waiver ID 'CDC-1' -to list should not be empty. [/home/yc7330/Custom-Vitis-IP-for-Tiled-GEMM/vivado/gemm_bd/gemm_bd.gen/sources_1/bd/design_1/ip/design_1_auto_cc_0/design_1_auto_cc_0_clocks.xdc:35]
WARNING: [Vivado_Tcl 4-921] Waiver ID 'CDC-1' -to list should not be empty. [/home/yc7330/Custom-Vitis-IP-for-Tiled-GEMM/vivado/gemm_bd/gemm_bd.gen/sources_1/bd/design_1/ip/design_1_auto_cc_0/design_1_auto_cc_0_clocks.xdc:39]
WARNING: [Vivado_Tcl 4-921] Waiver ID 'CDC-1' -to list should not be empty. [/home/yc7330/Custom-Vitis-IP-for-Tiled-GEMM/vivado/gemm_bd/gemm_bd.gen/sources_1/bd/design_1/ip/design_1_auto_cc_0/design_1_auto_cc_0_clocks.xdc:42]
WARNING: [Vivado_Tcl 4-921] Waiver ID 'CDC-1' -to list should not be empty. [/home/yc7330/Custom-Vitis-IP-for-Tiled-GEMM/vivado/gemm_bd/gemm_bd.gen/sources_1/bd/design_1/ip/design_1_auto_cc_0/design_1_auto_cc_0_clocks.xdc:45]
WARNING: [Vivado_Tcl 4-921] Waiver ID 'CDC-10' -to list should not be empty. [/home/yc7330/Custom-Vitis-IP-for-Tiled-GEMM/vivado/gemm_bd/gemm_bd.gen/sources_1/bd/design_1/ip/design_1_auto_cc_0/design_1_auto_cc_0_clocks.xdc:49]
WARNING: [Vivado_Tcl 4-921] Waiver ID 'CDC-1' -to list should not be empty. [/home/yc7330/Custom-Vitis-IP-for-Tiled-GEMM/vivado/gemm_bd/gemm_bd.gen/sources_1/bd/design_1/ip/design_1_auto_cc_0/design_1_auto_cc_0_clocks.xdc:52]
WARNING: [Vivado_Tcl 4-921] Waiver ID 'CDC-1' -to list should not be empty. [/home/yc7330/Custom-Vitis-IP-for-Tiled-GEMM/vivado/gemm_bd/gemm_bd.gen/sources_1/bd/design_1/ip/design_1_auto_cc_0/design_1_auto_cc_0_clocks.xdc:56]
WARNING: [Vivado_Tcl 4-921] Waiver ID 'CDC-1' -to list should not be empty. [/home/yc7330/Custom-Vitis-IP-for-Tiled-GEMM/vivado/gemm_bd/gemm_bd.gen/sources_1/bd/design_1/ip/design_1_auto_cc_0/design_1_auto_cc_0_clocks.xdc:60]
WARNING: [Vivado_Tcl 4-921] Waiver ID 'CDC-1' -to list should not be empty. [/home/yc7330/Custom-Vitis-IP-for-Tiled-GEMM/vivado/gemm_bd/gemm_bd.gen/sources_1/bd/design_1/ip/design_1_auto_cc_0/design_1_auto_cc_0_clocks.xdc:63]
WARNING: [Vivado_Tcl 4-921] Waiver ID 'CDC-1' -to list should not be empty. [/home/yc7330/Custom-Vitis-IP-for-Tiled-GEMM/vivado/gemm_bd/gemm_bd.gen/sources_1/bd/design_1/ip/design_1_auto_cc_0/design_1_auto_cc_0_clocks.xdc:66]
WARNING: [Vivado_Tcl 4-921] Waiver ID 'CDC-2' -to list should not be empty. [/home/yc7330/Custom-Vitis-IP-for-Tiled-GEMM/vivado/gemm_bd/gemm_bd.gen/sources_1/bd/design_1/ip/design_1_auto_cc_0/design_1_auto_cc_0_clocks.xdc:70]
Finished Parsing XDC File [/home/yc7330/Custom-Vitis-IP-for-Tiled-GEMM/vivado/gemm_bd/gemm_bd.gen/sources_1/bd/design_1/ip/design_1_auto_cc_0/design_1_auto_cc_0_clocks.xdc] for cell 'design_1_i/ps7_0_axi_periph/s00_couplers/auto_cc/inst'
INFO: [Project 1-1714] 33 XPM XDC files have been applied to the design.
INFO: [Opt 31-138] Pushed 0 inverter(s) to 0 load pin(s).
INFO: [Project 1-1687] 16 scoped IP constraints or related sub-commands were skipped due to synthesis logic optimizations usually triggered by constant connectivity or unconnected output pins. To review the skipped constraints and messages, run the command 'set_param netlist.IPMsgFiltering false' before opening the design.
Netlist sorting complete. Time (s): cpu = 00:00:00 ; elapsed = 00:00:00.01 . Memory (MB): peak = 2948.574 ; gain = 0.000 ; free physical = 798397 ; free virtual = 1154007
INFO: [Project 1-111] Unisim Transformation Summary:
  A total of 67 instances were transformed.
  RAM32M => RAM32M (RAMD32(x6), RAMS32(x2)): 64 instances
  RAM32X1D => RAM32X1D (RAMD32(x2)): 3 instances

21 Infos, 13 Warnings, 0 Critical Warnings and 0 Errors encountered.
link_design completed successfully
link_design: Time (s): cpu = 00:00:16 ; elapsed = 00:00:16 . Memory (MB): peak = 2948.574 ; gain = 1329.598 ; free physical = 798395 ; free virtual = 1154005
Command: opt_design
Attempting to get a license for feature 'Implementation' and/or device 'xc7z020'
INFO: [Common 17-349] Got license for feature 'Implementation' and/or device 'xc7z020'
Running DRC as a precondition to command opt_design

Starting DRC Task
INFO: [DRC 23-27] Running DRC with 8 threads
INFO: [Project 1-461] DRC finished with 0 Errors
INFO: [Project 1-462] Please refer to the DRC report (report_drc) for more information.

Time (s): cpu = 00:00:01 ; elapsed = 00:00:00.65 . Memory (MB): peak = 2948.574 ; gain = 0.000 ; free physical = 798391 ; free virtual = 1154001

Starting Cache Timing Information Task
INFO: [Timing 38-35] Done setting XDC timing constraints.
Ending Cache Timing Information Task | Checksum: 18a82a535

Time (s): cpu = 00:00:01 ; elapsed = 00:00:00.35 . Memory (MB): peak = 2948.574 ; gain = 0.000 ; free physical = 798393 ; free virtual = 1154003

Starting Logic Optimization Task

Phase 1 Initialization

Phase 1.1 Core Generation And Design Setup
Phase 1.1 Core Generation And Design Setup | Checksum: 18a82a535

Time (s): cpu = 00:00:00 ; elapsed = 00:00:00.01 . Memory (MB): peak = 3124.426 ; gain = 0.000 ; free physical = 798101 ; free virtual = 1153714

Phase 1.2 Setup Constraints And Sort Netlist
Phase 1.2 Setup Constraints And Sort Netlist | Checksum: 18a82a535

Time (s): cpu = 00:00:00.01 ; elapsed = 00:00:00.01 . Memory (MB): peak = 3124.426 ; gain = 0.000 ; free physical = 798101 ; free virtual = 1153714
Phase 1 Initialization | Checksum: 18a82a535

Time (s): cpu = 00:00:00.01 ; elapsed = 00:00:00.02 . Memory (MB): peak = 3124.426 ; gain = 0.000 ; free physical = 798101 ; free virtual = 1153714

Phase 2 Timer Update And Timing Data Collection

Phase 2.1 Timer Update
Phase 2.1 Timer Update | Checksum: 18a82a535

Time (s): cpu = 00:00:00.65 ; elapsed = 00:00:00.17 . Memory (MB): peak = 3124.426 ; gain = 0.000 ; free physical = 798103 ; free virtual = 1153716

Phase 2.2 Timing Data Collection
Phase 2.2 Timing Data Collection | Checksum: 18a82a535

Time (s): cpu = 00:00:00.67 ; elapsed = 00:00:00.2 . Memory (MB): peak = 3124.426 ; gain = 0.000 ; free physical = 798102 ; free virtual = 1153715
Phase 2 Timer Update And Timing Data Collection | Checksum: 18a82a535

Time (s): cpu = 00:00:00.68 ; elapsed = 00:00:00.2 . Memory (MB): peak = 3124.426 ; gain = 0.000 ; free physical = 798101 ; free virtual = 1153714

Phase 3 Retarget
INFO: [Opt 31-1566] Pulled 1 inverters resulting in an inversion of 1 pins
INFO: [Opt 31-138] Pushed 0 inverter(s) to 0 load pin(s).
INFO: [Opt 31-49] Retargeted 0 cell(s).
Phase 3 Retarget | Checksum: 11ffa79e0

Time (s): cpu = 00:00:00.89 ; elapsed = 00:00:00.33 . Memory (MB): peak = 3124.426 ; gain = 0.000 ; free physical = 798102 ; free virtual = 1153715
Retarget | Checksum: 11ffa79e0
INFO: [Opt 31-389] Phase Retarget created 5 cells and removed 57 cells
INFO: [Opt 31-1021] In phase Retarget, 30 netlist objects are constrained preventing optimization. Please run opt_design with -debug_log to get more detail. 

Phase 4 Constant propagation
INFO: [Opt 31-138] Pushed 0 inverter(s) to 0 load pin(s).
Phase 4 Constant propagation | Checksum: 9536c381

Time (s): cpu = 00:00:02 ; elapsed = 00:00:01 . Memory (MB): peak = 3124.426 ; gain = 0.000 ; free physical = 798102 ; free virtual = 1153715
Constant propagation | Checksum: 9536c381
INFO: [Opt 31-389] Phase Constant propagation created 0 cells and removed 1040 cells
INFO: [Opt 31-1021] In phase Constant propagation, 30 netlist objects are constrained preventing optimization. Please run opt_design with -debug_log to get more detail. 

Phase 5 Sweep
Phase 5 Sweep | Checksum: 9c86cd0c

Time (s): cpu = 00:00:02 ; elapsed = 00:00:01 . Memory (MB): peak = 3124.426 ; gain = 0.000 ; free physical = 798105 ; free virtual = 1153718
Sweep | Checksum: 9c86cd0c
INFO: [Opt 31-389] Phase Sweep created 0 cells and removed 437 cells
INFO: [Opt 31-1021] In phase Sweep, 150 netlist objects are constrained preventing optimization. Please run opt_design with -debug_log to get more detail. 

Phase 6 BUFG optimization
Phase 6 BUFG optimization | Checksum: 9c86cd0c

Time (s): cpu = 00:00:02 ; elapsed = 00:00:01 . Memory (MB): peak = 3124.426 ; gain = 0.000 ; free physical = 798106 ; free virtual = 1153719
BUFG optimization | Checksum: 9c86cd0c
INFO: [Opt 31-662] Phase BUFG optimization created 0 cells of which 0 are BUFGs and removed 0 cells.

Phase 7 Shift Register Optimization
WARNING: [Opt 31-1131] Can not pull register out from design_1_i/ps7_0_axi_periph/s00_couplers/auto_pc/inst/gen_axilite.gen_b2s_conv.axilite_b2s/RD.r_channel_0/rd_data_fifo_0/memory_reg[31][0]_srl32 due to none static srl address bits
WARNING: [Opt 31-1131] Can not pull register out from design_1_i/ps7_0_axi_periph/s00_couplers/auto_pc/inst/gen_axilite.gen_b2s_conv.axilite_b2s/RD.r_channel_0/rd_data_fifo_0/memory_reg[31][10]_srl32 due to none static srl address bits
WARNING: [Opt 31-1131] Can not pull register out from design_1_i/ps7_0_axi_periph/s00_couplers/auto_pc/inst/gen_axilite.gen_b2s_conv.axilite_b2s/RD.r_channel_0/rd_data_fifo_0/memory_reg[31][11]_srl32 due to none static srl address bits
WARNING: [Opt 31-1131] Can not pull register out from design_1_i/ps7_0_axi_periph/s00_couplers/auto_pc/inst/gen_axilite.gen_b2s_conv.axilite_b2s/RD.r_channel_0/rd_data_fifo_0/memory_reg[31][12]_srl32 due to none static srl address bits
WARNING: [Opt 31-1131] Can not pull register out from design_1_i/ps7_0_axi_periph/s00_couplers/auto_pc/inst/gen_axilite.gen_b2s_conv.axilite_b2s/RD.r_channel_0/rd_data_fifo_0/memory_reg[31][13]_srl32 due to none static srl address bits
WARNING: [Opt 31-1131] Can not pull register out from design_1_i/ps7_0_axi_periph/s00_couplers/auto_pc/inst/gen_axilite.gen_b2s_conv.axilite_b2s/RD.r_channel_0/rd_data_fifo_0/memory_reg[31][14]_srl32 due to none static srl address bits
WARNING: [Opt 31-1131] Can not pull register out from design_1_i/ps7_0_axi_periph/s00_couplers/auto_pc/inst/gen_axilite.gen_b2s_conv.axilite_b2s/RD.r_channel_0/rd_data_fifo_0/memory_reg[31][15]_srl32 due to none static srl address bits
WARNING: [Opt 31-1131] Can not pull register out from design_1_i/ps7_0_axi_periph/s00_couplers/auto_pc/inst/gen_axilite.gen_b2s_conv.axilite_b2s/RD.r_channel_0/rd_data_fifo_0/memory_reg[31][16]_srl32 due to none static srl address bits
WARNING: [Opt 31-1131] Can not pull register out from design_1_i/ps7_0_axi_periph/s00_couplers/auto_pc/inst/gen_axilite.gen_b2s_conv.axilite_b2s/RD.r_channel_0/rd_data_fifo_0/memory_reg[31][17]_srl32 due to none static srl address bits
WARNING: [Opt 31-1131] Can not pull register out from design_1_i/ps7_0_axi_periph/s00_couplers/auto_pc/inst/gen_axilite.gen_b2s_conv.axilite_b2s/RD.r_channel_0/rd_data_fifo_0/memory_reg[31][18]_srl32 due to none static srl address bits
WARNING: [Opt 31-1131] Can not pull register out from design_1_i/ps7_0_axi_periph/s00_couplers/auto_pc/inst/gen_axilite.gen_b2s_conv.axilite_b2s/RD.r_channel_0/rd_data_fifo_0/memory_reg[31][19]_srl32 due to none static srl address bits
WARNING: [Opt 31-1131] Can not pull register out from design_1_i/ps7_0_axi_periph/s00_couplers/auto_pc/inst/gen_axilite.gen_b2s_conv.axilite_b2s/RD.r_channel_0/rd_data_fifo_0/memory_reg[31][1]_srl32 due to none static srl address bits
WARNING: [Opt 31-1131] Can not pull register out from design_1_i/ps7_0_axi_periph/s00_couplers/auto_pc/inst/gen_axilite.gen_b2s_conv.axilite_b2s/RD.r_channel_0/rd_data_fifo_0/memory_reg[31][20]_srl32 due to none static srl address bits
WARNING: [Opt 31-1131] Can not pull register out from design_1_i/ps7_0_axi_periph/s00_couplers/auto_pc/inst/gen_axilite.gen_b2s_conv.axilite_b2s/RD.r_channel_0/rd_data_fifo_0/memory_reg[31][21]_srl32 due to none static srl address bits
WARNING: [Opt 31-1131] Can not pull register out from design_1_i/ps7_0_axi_periph/s00_couplers/auto_pc/inst/gen_axilite.gen_b2s_conv.axilite_b2s/RD.r_channel_0/rd_data_fifo_0/memory_reg[31][22]_srl32 due to none static srl address bits
WARNING: [Opt 31-1131] Can not pull register out from design_1_i/ps7_0_axi_periph/s00_couplers/auto_pc/inst/gen_axilite.gen_b2s_conv.axilite_b2s/RD.r_channel_0/rd_data_fifo_0/memory_reg[31][23]_srl32 due to none static srl address bits
WARNING: [Opt 31-1131] Can not pull register out from design_1_i/ps7_0_axi_periph/s00_couplers/auto_pc/inst/gen_axilite.gen_b2s_conv.axilite_b2s/RD.r_channel_0/rd_data_fifo_0/memory_reg[31][24]_srl32 due to none static srl address bits
WARNING: [Opt 31-1131] Can not pull register out from design_1_i/ps7_0_axi_periph/s00_couplers/auto_pc/inst/gen_axilite.gen_b2s_conv.axilite_b2s/RD.r_channel_0/rd_data_fifo_0/memory_reg[31][25]_srl32 due to none static srl address bits
WARNING: [Opt 31-1131] Can not pull register out from design_1_i/ps7_0_axi_periph/s00_couplers/auto_pc/inst/gen_axilite.gen_b2s_conv.axilite_b2s/RD.r_channel_0/rd_data_fifo_0/memory_reg[31][26]_srl32 due to none static srl address bits
WARNING: [Opt 31-1131] Can not pull register out from design_1_i/ps7_0_axi_periph/s00_couplers/auto_pc/inst/gen_axilite.gen_b2s_conv.axilite_b2s/RD.r_channel_0/rd_data_fifo_0/memory_reg[31][27]_srl32 due to none static srl address bits
WARNING: [Opt 31-1131] Can not pull register out from design_1_i/ps7_0_axi_periph/s00_couplers/auto_pc/inst/gen_axilite.gen_b2s_conv.axilite_b2s/RD.r_channel_0/rd_data_fifo_0/memory_reg[31][28]_srl32 due to none static srl address bits
WARNING: [Opt 31-1131] Can not pull register out from design_1_i/ps7_0_axi_periph/s00_couplers/auto_pc/inst/gen_axilite.gen_b2s_conv.axilite_b2s/RD.r_channel_0/rd_data_fifo_0/memory_reg[31][29]_srl32 due to none static srl address bits
WARNING: [Opt 31-1131] Can not pull register out from design_1_i/ps7_0_axi_periph/s00_couplers/auto_pc/inst/gen_axilite.gen_b2s_conv.axilite_b2s/RD.r_channel_0/rd_data_fifo_0/memory_reg[31][2]_srl32 due to none static srl address bits
WARNING: [Opt 31-1131] Can not pull register out from design_1_i/ps7_0_axi_periph/s00_couplers/auto_pc/inst/gen_axilite.gen_b2s_conv.axilite_b2s/RD.r_channel_0/rd_data_fifo_0/memory_reg[31][30]_srl32 due to none static srl address bits
WARNING: [Opt 31-1131] Can not pull register out from design_1_i/ps7_0_axi_periph/s00_couplers/auto_pc/inst/gen_axilite.gen_b2s_conv.axilite_b2s/RD.r_channel_0/rd_data_fifo_0/memory_reg[31][31]_srl32 due to none static srl address bits
WARNING: [Opt 31-1131] Can not pull register out from design_1_i/ps7_0_axi_periph/s00_couplers/auto_pc/inst/gen_axilite.gen_b2s_conv.axilite_b2s/RD.r_channel_0/rd_data_fifo_0/memory_reg[31][9]_srl32 due to none static srl address bits
WARNING: [Opt 31-1131] Can not pull register out from design_1_i/ps7_0_axi_periph/s00_couplers/auto_pc/inst/gen_axilite.gen_b2s_conv.axilite_b2s/RD.r_channel_0/rd_data_fifo_0/memory_reg[31][8]_srl32 due to none static srl address bits
WARNING: [Opt 31-1131] Can not pull register out from design_1_i/ps7_0_axi_periph/s00_couplers/auto_pc/inst/gen_axilite.gen_b2s_conv.axilite_b2s/RD.r_channel_0/rd_data_fifo_0/memory_reg[31][3]_srl32 due to none static srl address bits
WARNING: [Opt 31-1131] Can not pull register out from design_1_i/ps7_0_axi_periph/s00_couplers/auto_pc/inst/gen_axilite.gen_b2s_conv.axilite_b2s/RD.r_channel_0/rd_data_fifo_0/memory_reg[31][4]_srl32 due to none static srl address bits
WARNING: [Opt 31-1131] Can not pull register out from design_1_i/ps7_0_axi_periph/s00_couplers/auto_pc/inst/gen_axilite.gen_b2s_conv.axilite_b2s/RD.r_channel_0/rd_data_fifo_0/memory_reg[31][5]_srl32 due to none static srl address bits
WARNING: [Opt 31-1131] Can not pull register out from design_1_i/ps7_0_axi_periph/s00_couplers/auto_pc/inst/gen_axilite.gen_b2s_conv.axilite_b2s/RD.r_channel_0/rd_data_fifo_0/memory_reg[31][6]_srl32 due to none static srl address bits
WARNING: [Opt 31-1131] Can not pull register out from design_1_i/ps7_0_axi_periph/s00_couplers/auto_pc/inst/gen_axilite.gen_b2s_conv.axilite_b2s/RD.r_channel_0/rd_data_fifo_0/memory_reg[31][7]_srl32 due to none static srl address bits
WARNING: [Opt 31-1131] Can not pull register out from design_1_i/ps7_0_axi_periph/s00_couplers/auto_pc/inst/gen_axilite.gen_b2s_conv.axilite_b2s/RD.r_channel_0/transaction_fifo_0/memory_reg[31][0]_srl32 due to none static srl address bits
WARNING: [Opt 31-1131] Can not pull register out from design_1_i/ps7_0_axi_periph/s00_couplers/auto_pc/inst/gen_axilite.gen_b2s_conv.axilite_b2s/RD.r_channel_0/transaction_fifo_0/memory_reg[31][10]_srl32 due to none static srl address bits
WARNING: [Opt 31-1131] Can not pull register out from design_1_i/ps7_0_axi_periph/s00_couplers/auto_pc/inst/gen_axilite.gen_b2s_conv.axilite_b2s/RD.r_channel_0/transaction_fifo_0/memory_reg[31][11]_srl32 due to none static srl address bits
WARNING: [Opt 31-1131] Can not pull register out from design_1_i/ps7_0_axi_periph/s00_couplers/auto_pc/inst/gen_axilite.gen_b2s_conv.axilite_b2s/RD.r_channel_0/transaction_fifo_0/memory_reg[31][12]_srl32 due to none static srl address bits
WARNING: [Opt 31-1131] Can not pull register out from design_1_i/ps7_0_axi_periph/s00_couplers/auto_pc/inst/gen_axilite.gen_b2s_conv.axilite_b2s/RD.r_channel_0/transaction_fifo_0/memory_reg[31][1]_srl32 due to none static srl address bits
WARNING: [Opt 31-1131] Can not pull register out from design_1_i/ps7_0_axi_periph/s00_couplers/auto_pc/inst/gen_axilite.gen_b2s_conv.axilite_b2s/RD.r_channel_0/transaction_fifo_0/memory_reg[31][2]_srl32 due to none static srl address bits
WARNING: [Opt 31-1131] Can not pull register out from design_1_i/ps7_0_axi_periph/s00_couplers/auto_pc/inst/gen_axilite.gen_b2s_conv.axilite_b2s/RD.r_channel_0/transaction_fifo_0/memory_reg[31][3]_srl32 due to none static srl address bits
WARNING: [Opt 31-1131] Can not pull register out from design_1_i/ps7_0_axi_periph/s00_couplers/auto_pc/inst/gen_axilite.gen_b2s_conv.axilite_b2s/RD.r_channel_0/transaction_fifo_0/memory_reg[31][4]_srl32 due to none static srl address bits
WARNING: [Opt 31-1131] Can not pull register out from design_1_i/ps7_0_axi_periph/s00_couplers/auto_pc/inst/gen_axilite.gen_b2s_conv.axilite_b2s/RD.r_channel_0/transaction_fifo_0/memory_reg[31][5]_srl32 due to none static srl address bits
WARNING: [Opt 31-1131] Can not pull register out from design_1_i/ps7_0_axi_periph/s00_couplers/auto_pc/inst/gen_axilite.gen_b2s_conv.axilite_b2s/RD.r_channel_0/transaction_fifo_0/memory_reg[31][6]_srl32 due to none static srl address bits
WARNING: [Opt 31-1131] Can not pull register out from design_1_i/ps7_0_axi_periph/s00_couplers/auto_pc/inst/gen_axilite.gen_b2s_conv.axilite_b2s/RD.r_channel_0/transaction_fifo_0/memory_reg[31][7]_srl32 due to none static srl address bits
WARNING: [Opt 31-1131] Can not pull register out from design_1_i/ps7_0_axi_periph/s00_couplers/auto_pc/inst/gen_axilite.gen_b2s_conv.axilite_b2s/RD.r_channel_0/transaction_fifo_0/memory_reg[31][8]_srl32 due to none static srl address bits
WARNING: [Opt 31-1131] Can not pull register out from design_1_i/ps7_0_axi_periph/s00_couplers/auto_pc/inst/gen_axilite.gen_b2s_conv.axilite_b2s/RD.r_channel_0/transaction_fifo_0/memory_reg[31][9]_srl32 due to none static srl address bits
WARNING: [Opt 31-1131] Can not pull register out from design_1_i/ps7_0_axi_periph/s00_couplers/auto_pc/inst/gen_axilite.gen_b2s_conv.axilite_b2s/WR.b_channel_0/bid_fifo_0/memory_reg[3][0]_srl4 due to none static srl address bits
WARNING: [Opt 31-1131] Can not pull register out from design_1_i/ps7_0_axi_periph/s00_couplers/auto_pc/inst/gen_axilite.gen_b2s_conv.axilite_b2s/WR.b_channel_0/bid_fifo_0/memory_reg[3][10]_srl4 due to none static srl address bits
WARNING: [Opt 31-1131] Can not pull register out from design_1_i/ps7_0_axi_periph/s00_couplers/auto_pc/inst/gen_axilite.gen_b2s_conv.axilite_b2s/WR.b_channel_0/bid_fifo_0/memory_reg[3][11]_srl4 due to none static srl address bits
WARNING: [Opt 31-1131] Can not pull register out from design_1_i/ps7_0_axi_periph/s00_couplers/auto_pc/inst/gen_axilite.gen_b2s_conv.axilite_b2s/WR.b_channel_0/bid_fifo_0/memory_reg[3][12]_srl4 due to none static srl address bits
WARNING: [Opt 31-1131] Can not pull register out from design_1_i/ps7_0_axi_periph/s00_couplers/auto_pc/inst/gen_axilite.gen_b2s_conv.axilite_b2s/WR.b_channel_0/bid_fifo_0/memory_reg[3][13]_srl4 due to none static srl address bits
WARNING: [Opt 31-1131] Can not pull register out from design_1_i/ps7_0_axi_periph/s00_couplers/auto_pc/inst/gen_axilite.gen_b2s_conv.axilite_b2s/WR.b_channel_0/bid_fifo_0/memory_reg[3][14]_srl4 due to none static srl address bits
WARNING: [Opt 31-1131] Can not pull register out from design_1_i/ps7_0_axi_periph/s00_couplers/auto_pc/inst/gen_axilite.gen_b2s_conv.axilite_b2s/WR.b_channel_0/bid_fifo_0/memory_reg[3][15]_srl4 due to none static srl address bits
WARNING: [Opt 31-1131] Can not pull register out from design_1_i/ps7_0_axi_periph/s00_couplers/auto_pc/inst/gen_axilite.gen_b2s_conv.axilite_b2s/WR.b_channel_0/bid_fifo_0/memory_reg[3][16]_srl4 due to none static srl address bits
WARNING: [Opt 31-1131] Can not pull register out from design_1_i/ps7_0_axi_periph/s00_couplers/auto_pc/inst/gen_axilite.gen_b2s_conv.axilite_b2s/WR.b_channel_0/bid_fifo_0/memory_reg[3][17]_srl4 due to none static srl address bits
WARNING: [Opt 31-1131] Can not pull register out from design_1_i/ps7_0_axi_periph/s00_couplers/auto_pc/inst/gen_axilite.gen_b2s_conv.axilite_b2s/WR.b_channel_0/bid_fifo_0/memory_reg[3][18]_srl4 due to none static srl address bits
WARNING: [Opt 31-1131] Can not pull register out from design_1_i/ps7_0_axi_periph/s00_couplers/auto_pc/inst/gen_axilite.gen_b2s_conv.axilite_b2s/WR.b_channel_0/bid_fifo_0/memory_reg[3][19]_srl4 due to none static srl address bits
WARNING: [Opt 31-1131] Can not pull register out from design_1_i/ps7_0_axi_periph/s00_couplers/auto_pc/inst/gen_axilite.gen_b2s_conv.axilite_b2s/WR.b_channel_0/bid_fifo_0/memory_reg[3][1]_srl4 due to none static srl address bits
WARNING: [Opt 31-1131] Can not pull register out from design_1_i/ps7_0_axi_periph/s00_couplers/auto_pc/inst/gen_axilite.gen_b2s_conv.axilite_b2s/WR.b_channel_0/bid_fifo_0/memory_reg[3][2]_srl4 due to none static srl address bits
WARNING: [Opt 31-1131] Can not pull register out from design_1_i/ps7_0_axi_periph/s00_couplers/auto_pc/inst/gen_axilite.gen_b2s_conv.axilite_b2s/WR.b_channel_0/bid_fifo_0/memory_reg[3][3]_srl4 due to none static srl address bits
WARNING: [Opt 31-1131] Can not pull register out from design_1_i/ps7_0_axi_periph/s00_couplers/auto_pc/inst/gen_axilite.gen_b2s_conv.axilite_b2s/WR.b_channel_0/bid_fifo_0/memory_reg[3][8]_srl4 due to none static srl address bits
WARNING: [Opt 31-1131] Can not pull register out from design_1_i/ps7_0_axi_periph/s00_couplers/auto_pc/inst/gen_axilite.gen_b2s_conv.axilite_b2s/WR.b_channel_0/bid_fifo_0/memory_reg[3][9]_srl4 due to none static srl address bits
WARNING: [Opt 31-1131] Can not pull register out from design_1_i/ps7_0_axi_periph/s00_couplers/auto_pc/inst/gen_axilite.gen_b2s_conv.axilite_b2s/WR.b_channel_0/bresp_fifo_0/memory_reg[3][0]_srl4 due to none static srl address bits
WARNING: [Opt 31-1131] Can not pull register out from design_1_i/ps7_0_axi_periph/s00_couplers/auto_pc/inst/gen_axilite.gen_b2s_conv.axilite_b2s/WR.b_channel_0/bresp_fifo_0/memory_reg[3][1]_srl4 due to none static srl address bits
INFO: [Opt 31-1064] SRL Remap converted 0 SRLs to 0 registers and converted 0 registers of register chains to 0 SRLs
Phase 7 Shift Register Optimization | Checksum: 9c86cd0c

Time (s): cpu = 00:00:02 ; elapsed = 00:00:01 . Memory (MB): peak = 3124.426 ; gain = 0.000 ; free physical = 798105 ; free virtual = 1153718
Shift Register Optimization | Checksum: 9c86cd0c
INFO: [Opt 31-389] Phase Shift Register Optimization created 0 cells and removed 0 cells

Phase 8 Post Processing Netlist
Phase 8 Post Processing Netlist | Checksum: fc06c85a

Time (s): cpu = 00:00:02 ; elapsed = 00:00:02 . Memory (MB): peak = 3124.426 ; gain = 0.000 ; free physical = 798105 ; free virtual = 1153718
Post Processing Netlist | Checksum: fc06c85a
INFO: [Opt 31-389] Phase Post Processing Netlist created 0 cells and removed 0 cells
INFO: [Opt 31-1021] In phase Post Processing Netlist, 45 netlist objects are constrained preventing optimization. Please run opt_design with -debug_log to get more detail. 

Phase 9 Finalization

Phase 9.1 Finalizing Design Cores and Updating Shapes
Phase 9.1 Finalizing Design Cores and Updating Shapes | Checksum: 1c8cd80bf

Time (s): cpu = 00:00:02 ; elapsed = 00:00:02 . Memory (MB): peak = 3124.426 ; gain = 0.000 ; free physical = 798105 ; free virtual = 1153718

Phase 9.2 Verifying Netlist Connectivity

Starting Connectivity Check Task

Time (s): cpu = 00:00:00.03 ; elapsed = 00:00:00.01 . Memory (MB): peak = 3124.426 ; gain = 0.000 ; free physical = 798104 ; free virtual = 1153717
Phase 9.2 Verifying Netlist Connectivity | Checksum: 1c8cd80bf

Time (s): cpu = 00:00:02 ; elapsed = 00:00:02 . Memory (MB): peak = 3124.426 ; gain = 0.000 ; free physical = 798104 ; free virtual = 1153717
Phase 9 Finalization | Checksum: 1c8cd80bf

Time (s): cpu = 00:00:02 ; elapsed = 00:00:02 . Memory (MB): peak = 3124.426 ; gain = 0.000 ; free physical = 798104 ; free virtual = 1153717
Opt_design Change Summary
=========================


-------------------------------------------------------------------------------------------------------------------------
|  Phase                        |  #Cells created  |  #Cells Removed  |  #Constrained objects preventing optimizations  |
-------------------------------------------------------------------------------------------------------------------------
|  Retarget                     |               5  |              57  |                                             30  |
|  Constant propagation         |               0  |            1040  |                                             30  |
|  Sweep                        |               0  |             437  |                                            150  |
|  BUFG optimization            |               0  |               0  |                                              0  |
|  Shift Register Optimization  |               0  |               0  |                                              0  |
|  Post Processing Netlist      |               0  |               0  |                                             45  |
-------------------------------------------------------------------------------------------------------------------------


Ending Logic Optimization Task | Checksum: 1c8cd80bf

Time (s): cpu = 00:00:02 ; elapsed = 00:00:02 . Memory (MB): peak = 3124.426 ; gain = 0.000 ; free physical = 798104 ; free virtual = 1153717
INFO: [Constraints 18-11670] Building netlist checker database with flags, 0x8
Done building netlist checker database: Time (s): cpu = 00:00:00 ; elapsed = 00:00:00 . Memory (MB): peak = 3124.426 ; gain = 0.000 ; free physical = 798105 ; free virtual = 1153718

Starting Power Optimization Task
INFO: [Pwropt 34-132] Skipping clock gating for clocks with a period < 2.00 ns.
Ending Power Optimization Task | Checksum: 1c8cd80bf

Time (s): cpu = 00:00:00.01 ; elapsed = 00:00:00.01 . Memory (MB): peak = 3124.426 ; gain = 0.000 ; free physical = 798104 ; free virtual = 1153717

Starting Final Cleanup Task
Ending Final Cleanup Task | Checksum: 1c8cd80bf

Time (s): cpu = 00:00:00 ; elapsed = 00:00:00 . Memory (MB): peak = 3124.426 ; gain = 0.000 ; free physical = 798104 ; free virtual = 1153717

Starting Netlist Obfuscation Task
Netlist sorting complete. Time (s): cpu = 00:00:00 ; elapsed = 00:00:00 . Memory (MB): peak = 3124.426 ; gain = 0.000 ; free physical = 798104 ; free virtual = 1153717
Ending Netlist Obfuscation Task | Checksum: 1c8cd80bf

Time (s): cpu = 00:00:00 ; elapsed = 00:00:00 . Memory (MB): peak = 3124.426 ; gain = 0.000 ; free physical = 798104 ; free virtual = 1153717
INFO: [Common 17-83] Releasing license: Implementation
44 Infos, 76 Warnings, 0 Critical Warnings and 0 Errors encountered.
opt_design completed successfully
INFO: [runtcl-4] Executing : report_drc -file design_1_wrapper_drc_opted.rpt -pb design_1_wrapper_drc_opted.pb -rpx design_1_wrapper_drc_opted.rpx
Command: report_drc -file design_1_wrapper_drc_opted.rpt -pb design_1_wrapper_drc_opted.pb -rpx design_1_wrapper_drc_opted.rpx
INFO: [IP_Flow 19-1839] IP Catalog is up to date.
INFO: [DRC 23-27] Running DRC with 8 threads
INFO: [Vivado_Tcl 2-168] The results of DRC are in file /home/yc7330/Custom-Vitis-IP-for-Tiled-GEMM/vivado/gemm_bd/gemm_bd.runs/impl_1/design_1_wrapper_drc_opted.rpt.
report_drc completed successfully
INFO: [Timing 38-35] Done setting XDC timing constraints.
INFO: [Timing 38-480] Writing timing data to binary archive.
Write ShapeDB Complete: Time (s): cpu = 00:00:00.07 ; elapsed = 00:00:00.02 . Memory (MB): peak = 3212.469 ; gain = 0.000 ; free physical = 798097 ; free virtual = 1153710
Wrote PlaceDB: Time (s): cpu = 00:00:00.08 ; elapsed = 00:00:00.02 . Memory (MB): peak = 3212.469 ; gain = 0.000 ; free physical = 798095 ; free virtual = 1153708
Wrote PulsedLatchDB: Time (s): cpu = 00:00:00 ; elapsed = 00:00:00 . Memory (MB): peak = 3212.469 ; gain = 0.000 ; free physical = 798092 ; free virtual = 1153706
Writing XDEF routing.
Writing XDEF routing logical nets.
Writing XDEF routing special nets.
Wrote RouteStorage: Time (s): cpu = 00:00:00.12 ; elapsed = 00:00:00.04 . Memory (MB): peak = 3212.469 ; gain = 0.000 ; free physical = 798082 ; free virtual = 1153698
Wrote Netlist Cache: Time (s): cpu = 00:00:00 ; elapsed = 00:00:00 . Memory (MB): peak = 3212.469 ; gain = 0.000 ; free physical = 798081 ; free virtual = 1153698
Wrote Device Cache: Time (s): cpu = 00:00:00.03 ; elapsed = 00:00:00.01 . Memory (MB): peak = 3212.469 ; gain = 0.000 ; free physical = 798080 ; free virtual = 1153698
Write Physdb Complete: Time (s): cpu = 00:00:00.3 ; elapsed = 00:00:00.09 . Memory (MB): peak = 3212.469 ; gain = 0.000 ; free physical = 798079 ; free virtual = 1153698
INFO: [Common 17-1381] The checkpoint '/home/yc7330/Custom-Vitis-IP-for-Tiled-GEMM/vivado/gemm_bd/gemm_bd.runs/impl_1/design_1_wrapper_opt.dcp' has been generated.
Command: place_design
Attempting to get a license for feature 'Implementation' and/or device 'xc7z020'
INFO: [Common 17-349] Got license for feature 'Implementation' and/or device 'xc7z020'
INFO: [Common 17-83] Releasing license: Implementation
INFO: [DRC 23-27] Running DRC with 8 threads
INFO: [Vivado_Tcl 4-198] DRC finished with 0 Errors
INFO: [Vivado_Tcl 4-199] Please refer to the DRC report (report_drc) for more information.
Running DRC as a precondition to command place_design
INFO: [DRC 23-27] Running DRC with 8 threads
INFO: [Vivado_Tcl 4-198] DRC finished with 0 Errors
INFO: [Vivado_Tcl 4-199] Please refer to the DRC report (report_drc) for more information.
INFO: [Place 30-611] Multithreading enabled for place_design using a maximum of 8 CPUs

Starting Placer Task

Phase 1 Placer Initialization

Phase 1.1 Placer Initialization Netlist Sorting
Netlist sorting complete. Time (s): cpu = 00:00:00 ; elapsed = 00:00:00 . Memory (MB): peak = 3212.469 ; gain = 0.000 ; free physical = 798068 ; free virtual = 1153687
Phase 1.1 Placer Initialization Netlist Sorting | Checksum: f14a2e88

Time (s): cpu = 00:00:00.01 ; elapsed = 00:00:00.02 . Memory (MB): peak = 3212.469 ; gain = 0.000 ; free physical = 798068 ; free virtual = 1153687
Netlist sorting complete. Time (s): cpu = 00:00:00 ; elapsed = 00:00:00 . Memory (MB): peak = 3212.469 ; gain = 0.000 ; free physical = 798068 ; free virtual = 1153687

Phase 1.2 IO Placement/ Clock Placement/ Build Placer Device
Phase 1.2 IO Placement/ Clock Placement/ Build Placer Device | Checksum: 266d4843

Time (s): cpu = 00:00:00.91 ; elapsed = 00:00:00.49 . Memory (MB): peak = 3212.469 ; gain = 0.000 ; free physical = 798063 ; free virtual = 1153682

Phase 1.3 Build Placer Netlist Model
Phase 1.3 Build Placer Netlist Model | Checksum: 177a704fc

Time (s): cpu = 00:00:03 ; elapsed = 00:00:02 . Memory (MB): peak = 3212.469 ; gain = 0.000 ; free physical = 798057 ; free virtual = 1153676

Phase 1.4 Constrain Clocks/Macros
Phase 1.4 Constrain Clocks/Macros | Checksum: 177a704fc

Time (s): cpu = 00:00:03 ; elapsed = 00:00:02 . Memory (MB): peak = 3212.469 ; gain = 0.000 ; free physical = 798057 ; free virtual = 1153676
Phase 1 Placer Initialization | Checksum: 177a704fc

Time (s): cpu = 00:00:04 ; elapsed = 00:00:02 . Memory (MB): peak = 3212.469 ; gain = 0.000 ; free physical = 798057 ; free virtual = 1153676

Phase 2 Global Placement

Phase 2.1 Floorplanning
Phase 2.1 Floorplanning | Checksum: 11147144e

Time (s): cpu = 00:00:05 ; elapsed = 00:00:02 . Memory (MB): peak = 3212.469 ; gain = 0.000 ; free physical = 798047 ; free virtual = 1153650

Phase 2.2 Update Timing before SLR Path Opt
Phase 2.2 Update Timing before SLR Path Opt | Checksum: 175f53554

Time (s): cpu = 00:00:05 ; elapsed = 00:00:02 . Memory (MB): peak = 3212.469 ; gain = 0.000 ; free physical = 798060 ; free virtual = 1153659

Phase 2.3 Post-Processing in Floorplanning
Phase 2.3 Post-Processing in Floorplanning | Checksum: 175f53554

Time (s): cpu = 00:00:05 ; elapsed = 00:00:02 . Memory (MB): peak = 3212.469 ; gain = 0.000 ; free physical = 798060 ; free virtual = 1153659

Phase 2.4 Global Placement Core

Phase 2.4.1 UpdateTiming Before Physical Synthesis
Phase 2.4.1 UpdateTiming Before Physical Synthesis | Checksum: 181b60e5b

Time (s): cpu = 00:00:21 ; elapsed = 00:00:07 . Memory (MB): peak = 3215.066 ; gain = 2.598 ; free physical = 798045 ; free virtual = 1153648

Phase 2.4.2 Physical Synthesis In Placer
INFO: [Physopt 32-1035] Found 0 LUTNM shape to break, 146 LUT instances to create LUTNM shape
INFO: [Physopt 32-1044] Break lutnm for timing: one critical 0, two critical 0, total 0, new lutff created 0
INFO: [Physopt 32-1138] End 1 Pass. Optimized 70 nets or LUTs. Breaked 0 LUT, combined 70 existing LUTs and moved 0 existing LUT
INFO: [Physopt 32-65] No nets found for high-fanout optimization.
INFO: [Physopt 32-232] Optimized 0 net. Created 0 new instance.
INFO: [Physopt 32-775] End 1 Pass. Optimized 0 net or cell. Created 0 new cell, deleted 0 existing cell and moved 0 existing cell
INFO: [Physopt 32-670] No setup violation found.  DSP Register Optimization was not performed.
INFO: [Physopt 32-670] No setup violation found.  Shift Register to Pipeline Optimization was not performed.
INFO: [Physopt 32-670] No setup violation found.  Shift Register Optimization was not performed.
INFO: [Physopt 32-670] No setup violation found.  BRAM Register Optimization was not performed.
INFO: [Physopt 32-670] No setup violation found.  URAM Register Optimization was not performed.
INFO: [Physopt 32-949] No candidate nets found for dynamic/static region interface net replication
INFO: [Physopt 32-775] End 1 Pass. Optimized 0 net or cell. Created 0 new cell, deleted 0 existing cell and moved 0 existing cell
Netlist sorting complete. Time (s): cpu = 00:00:00 ; elapsed = 00:00:00 . Memory (MB): peak = 3215.066 ; gain = 0.000 ; free physical = 798042 ; free virtual = 1153644

Summary of Physical Synthesis Optimizations
============================================


-----------------------------------------------------------------------------------------------------------------------------------------------------------
|  Optimization                                     |  Added Cells  |  Removed Cells  |  Optimized Cells/Nets  |  Dont Touch  |  Iterations  |  Elapsed   |
-----------------------------------------------------------------------------------------------------------------------------------------------------------
|  LUT Combining                                    |            0  |             70  |                    70  |           0  |           1  |  00:00:00  |
|  Retime                                           |            0  |              0  |                     0  |           0  |           1  |  00:00:00  |
|  Very High Fanout                                 |            0  |              0  |                     0  |           0  |           1  |  00:00:00  |
|  DSP Register                                     |            0  |              0  |                     0  |           0  |           0  |  00:00:00  |
|  Shift Register to Pipeline                       |            0  |              0  |                     0  |           0  |           0  |  00:00:00  |
|  Shift Register                                   |            0  |              0  |                     0  |           0  |           0  |  00:00:00  |
|  BRAM Register                                    |            0  |              0  |                     0  |           0  |           0  |  00:00:00  |
|  URAM Register                                    |            0  |              0  |                     0  |           0  |           0  |  00:00:00  |
|  Dynamic/Static Region Interface Net Replication  |            0  |              0  |                     0  |           0  |           1  |  00:00:00  |
|  Total                                            |            0  |             70  |                    70  |           0  |           4  |  00:00:00  |
-----------------------------------------------------------------------------------------------------------------------------------------------------------


Phase 2.4.2 Physical Synthesis In Placer | Checksum: 6df804bc

Time (s): cpu = 00:00:23 ; elapsed = 00:00:08 . Memory (MB): peak = 3215.066 ; gain = 2.598 ; free physical = 798057 ; free virtual = 1153650
Phase 2.4 Global Placement Core | Checksum: 6c3238fa

Time (s): cpu = 00:00:23 ; elapsed = 00:00:08 . Memory (MB): peak = 3215.066 ; gain = 2.598 ; free physical = 798053 ; free virtual = 1153647
Phase 2 Global Placement | Checksum: 6c3238fa

Time (s): cpu = 00:00:23 ; elapsed = 00:00:08 . Memory (MB): peak = 3215.066 ; gain = 2.598 ; free physical = 798053 ; free virtual = 1153647

Phase 3 Detail Placement

Phase 3.1 Commit Multi Column Macros
Phase 3.1 Commit Multi Column Macros | Checksum: ffa5bfa7

Time (s): cpu = 00:00:24 ; elapsed = 00:00:08 . Memory (MB): peak = 3215.066 ; gain = 2.598 ; free physical = 798045 ; free virtual = 1153642

Phase 3.2 Commit Most Macros & LUTRAMs
Phase 3.2 Commit Most Macros & LUTRAMs | Checksum: 138225c90

Time (s): cpu = 00:00:25 ; elapsed = 00:00:09 . Memory (MB): peak = 3215.066 ; gain = 2.598 ; free physical = 798041 ; free virtual = 1153642

Phase 3.3 Area Swap Optimization
Phase 3.3 Area Swap Optimization | Checksum: e1402ad5

Time (s): cpu = 00:00:25 ; elapsed = 00:00:09 . Memory (MB): peak = 3215.066 ; gain = 2.598 ; free physical = 798040 ; free virtual = 1153641

Phase 3.4 Pipeline Register Optimization
Phase 3.4 Pipeline Register Optimization | Checksum: edb74df5

Time (s): cpu = 00:00:25 ; elapsed = 00:00:09 . Memory (MB): peak = 3215.066 ; gain = 2.598 ; free physical = 798042 ; free virtual = 1153643

Phase 3.5 Small Shape Detail Placement
Phase 3.5 Small Shape Detail Placement | Checksum: 10039611e

Time (s): cpu = 00:00:27 ; elapsed = 00:00:10 . Memory (MB): peak = 3215.066 ; gain = 2.598 ; free physical = 798052 ; free virtual = 1153656

Phase 3.6 Re-assign LUT pins
Phase 3.6 Re-assign LUT pins | Checksum: a5257ba8

Time (s): cpu = 00:00:27 ; elapsed = 00:00:10 . Memory (MB): peak = 3215.066 ; gain = 2.598 ; free physical = 798052 ; free virtual = 1153656

Phase 3.7 Pipeline Register Optimization
Phase 3.7 Pipeline Register Optimization | Checksum: 1035b4c94

Time (s): cpu = 00:00:27 ; elapsed = 00:00:10 . Memory (MB): peak = 3215.066 ; gain = 2.598 ; free physical = 798053 ; free virtual = 1153657
Phase 3 Detail Placement | Checksum: 1035b4c94

Time (s): cpu = 00:00:27 ; elapsed = 00:00:10 . Memory (MB): peak = 3215.066 ; gain = 2.598 ; free physical = 798053 ; free virtual = 1153657

Phase 4 Post Placement Optimization and Clean-Up

Phase 4.1 Post Commit Optimization
INFO: [Timing 38-35] Done setting XDC timing constraints.

Phase 4.1.1 Post Placement Optimization
Post Placement Optimization Initialization | Checksum: 23cabe4b1

Phase 4.1.1.1 BUFG Insertion

Starting Physical Synthesis Task

Phase 1 Physical Synthesis Initialization
INFO: [Physopt 32-721] Multithreading enabled for phys_opt_design using a maximum of 8 CPUs
INFO: [Physopt 32-619] Estimated Timing Summary | WNS=1.171 | TNS=0.000 |
Phase 1 Physical Synthesis Initialization | Checksum: 28f237f80

Time (s): cpu = 00:00:01 ; elapsed = 00:00:00.53 . Memory (MB): peak = 3215.066 ; gain = 0.000 ; free physical = 798045 ; free virtual = 1153649
INFO: [Place 46-33] Processed net design_1_i/gemm_top_0/inst/array/cdrain_col[4].col_drain/SR[0], BUFG insertion was skipped due to placement/routing conflicts.
INFO: [Place 46-56] BUFG insertion identified 1 candidate nets. Inserted BUFG: 0, Replicated BUFG Driver: 0, Skipped due to Placement/Routing Conflicts: 1, Skipped due to Timing Degradation: 0, Skipped due to netlist editing failed: 0.
Ending Physical Synthesis Task | Checksum: 28f237f80

Time (s): cpu = 00:00:02 ; elapsed = 00:00:00.69 . Memory (MB): peak = 3215.066 ; gain = 0.000 ; free physical = 798046 ; free virtual = 1153650
Phase 4.1.1.1 BUFG Insertion | Checksum: 23cabe4b1

Time (s): cpu = 00:00:33 ; elapsed = 00:00:12 . Memory (MB): peak = 3215.066 ; gain = 2.598 ; free physical = 798045 ; free virtual = 1153649

Phase 4.1.1.2 Post Placement Timing Optimization
INFO: [Place 30-746] Post Placement Timing Summary WNS=1.171. For the most accurate timing information please run report_timing.
Phase 4.1.1.2 Post Placement Timing Optimization | Checksum: 1c99e0e5b

Time (s): cpu = 00:00:33 ; elapsed = 00:00:12 . Memory (MB): peak = 3215.066 ; gain = 2.598 ; free physical = 798046 ; free virtual = 1153650

Time (s): cpu = 00:00:33 ; elapsed = 00:00:12 . Memory (MB): peak = 3215.066 ; gain = 2.598 ; free physical = 798046 ; free virtual = 1153650
Phase 4.1 Post Commit Optimization | Checksum: 1c99e0e5b

Time (s): cpu = 00:00:33 ; elapsed = 00:00:12 . Memory (MB): peak = 3215.066 ; gain = 2.598 ; free physical = 798046 ; free virtual = 1153650

Phase 4.2 Post Placement Cleanup
Phase 4.2 Post Placement Cleanup | Checksum: 1c99e0e5b

Time (s): cpu = 00:00:33 ; elapsed = 00:00:13 . Memory (MB): peak = 3215.066 ; gain = 2.598 ; free physical = 798048 ; free virtual = 1153652

Phase 4.3 Placer Reporting

Phase 4.3.1 Print Estimated Congestion
INFO: [Place 30-612] Post-Placement Estimated Congestion 
 ____________________________________________________
|           | Global Congestion | Short Congestion  |
| Direction | Region Size       | Region Size       |
|___________|___________________|___________________|
|      North|                2x2|                1x1|
|___________|___________________|___________________|
|      South|                1x1|                1x1|
|___________|___________________|___________________|
|       East|                1x1|                1x1|
|___________|___________________|___________________|
|       West|                1x1|                1x1|
|___________|___________________|___________________|

Phase 4.3.1 Print Estimated Congestion | Checksum: 1c99e0e5b

Time (s): cpu = 00:00:33 ; elapsed = 00:00:13 . Memory (MB): peak = 3215.066 ; gain = 2.598 ; free physical = 798048 ; free virtual = 1153652
Phase 4.3 Placer Reporting | Checksum: 1c99e0e5b

Time (s): cpu = 00:00:33 ; elapsed = 00:00:13 . Memory (MB): peak = 3215.066 ; gain = 2.598 ; free physical = 798049 ; free virtual = 1153653

Phase 4.4 Final Placement Cleanup
Netlist sorting complete. Time (s): cpu = 00:00:00 ; elapsed = 00:00:00 . Memory (MB): peak = 3215.066 ; gain = 0.000 ; free physical = 798049 ; free virtual = 1153653

Time (s): cpu = 00:00:33 ; elapsed = 00:00:13 . Memory (MB): peak = 3215.066 ; gain = 2.598 ; free physical = 798049 ; free virtual = 1153653
Phase 4 Post Placement Optimization and Clean-Up | Checksum: 1cba5bbf6

Time (s): cpu = 00:00:33 ; elapsed = 00:00:13 . Memory (MB): peak = 3215.066 ; gain = 2.598 ; free physical = 798049 ; free virtual = 1153653
Ending Placer Task | Checksum: 1b9a7dae4

Time (s): cpu = 00:00:33 ; elapsed = 00:00:13 . Memory (MB): peak = 3215.066 ; gain = 2.598 ; free physical = 798049 ; free virtual = 1153653
80 Infos, 76 Warnings, 0 Critical Warnings and 0 Errors encountered.
place_design completed successfully
place_design: Time (s): cpu = 00:00:35 ; elapsed = 00:00:13 . Memory (MB): peak = 3215.066 ; gain = 2.598 ; free physical = 798047 ; free virtual = 1153651
INFO: [runtcl-4] Executing : report_io -file design_1_wrapper_io_placed.rpt
report_io: Time (s): cpu = 00:00:00.09 ; elapsed = 00:00:00.27 . Memory (MB): peak = 3215.066 ; gain = 0.000 ; free physical = 798043 ; free virtual = 1153647
INFO: [runtcl-4] Executing : report_utilization -file design_1_wrapper_utilization_placed.rpt -pb design_1_wrapper_utilization_placed.pb
INFO: [runtcl-4] Executing : report_control_sets -verbose -file design_1_wrapper_control_sets_placed.rpt
report_control_sets: Time (s): cpu = 00:00:00.03 ; elapsed = 00:00:00.17 . Memory (MB): peak = 3215.066 ; gain = 0.000 ; free physical = 798040 ; free virtual = 1153647
INFO: [Timing 38-480] Writing timing data to binary archive.
Write ShapeDB Complete: Time (s): cpu = 00:00:00.1 ; elapsed = 00:00:00.03 . Memory (MB): peak = 3215.066 ; gain = 0.000 ; free physical = 798027 ; free virtual = 1153635
Wrote PlaceDB: Time (s): cpu = 00:00:01 ; elapsed = 00:00:00.38 . Memory (MB): peak = 3215.066 ; gain = 0.000 ; free physical = 798022 ; free virtual = 1153639
Wrote PulsedLatchDB: Time (s): cpu = 00:00:00 ; elapsed = 00:00:00 . Memory (MB): peak = 3215.066 ; gain = 0.000 ; free physical = 798020 ; free virtual = 1153637
Writing XDEF routing.
Writing XDEF routing logical nets.
Writing XDEF routing special nets.
Wrote RouteStorage: Time (s): cpu = 00:00:00.06 ; elapsed = 00:00:00.04 . Memory (MB): peak = 3215.066 ; gain = 0.000 ; free physical = 798020 ; free virtual = 1153637
Wrote Netlist Cache: Time (s): cpu = 00:00:00.02 ; elapsed = 00:00:00.02 . Memory (MB): peak = 3215.066 ; gain = 0.000 ; free physical = 798019 ; free virtual = 1153637
Wrote Device Cache: Time (s): cpu = 00:00:00.02 ; elapsed = 00:00:00.01 . Memory (MB): peak = 3215.066 ; gain = 0.000 ; free physical = 798018 ; free virtual = 1153636
Write Physdb Complete: Time (s): cpu = 00:00:01 ; elapsed = 00:00:00.49 . Memory (MB): peak = 3215.066 ; gain = 0.000 ; free physical = 798019 ; free virtual = 1153637
INFO: [Common 17-1381] The checkpoint '/home/yc7330/Custom-Vitis-IP-for-Tiled-GEMM/vivado/gemm_bd/gemm_bd.runs/impl_1/design_1_wrapper_placed.dcp' has been generated.
Command: phys_opt_design
Attempting to get a license for feature 'Implementation' and/or device 'xc7z020'
INFO: [Common 17-349] Got license for feature 'Implementation' and/or device 'xc7z020'

Starting Initial Update Timing Task

Time (s): cpu = 00:00:02 ; elapsed = 00:00:00.63 . Memory (MB): peak = 3233.871 ; gain = 0.000 ; free physical = 798019 ; free virtual = 1153630
INFO: [Vivado_Tcl 4-383] Design worst setup slack (WNS) is greater than or equal to 0.000 ns. Skipping all physical synthesis optimizations.
INFO: [Vivado_Tcl 4-232] No setup violation found. The netlist was not modified.
INFO: [Common 17-83] Releasing license: Implementation
89 Infos, 76 Warnings, 0 Critical Warnings and 0 Errors encountered.
phys_opt_design completed successfully
INFO: [Timing 38-480] Writing timing data to binary archive.
Write ShapeDB Complete: Time (s): cpu = 00:00:00.1 ; elapsed = 00:00:00.03 . Memory (MB): peak = 3236.578 ; gain = 2.707 ; free physical = 798004 ; free virtual = 1153615
Wrote PlaceDB: Time (s): cpu = 00:00:01 ; elapsed = 00:00:00.35 . Memory (MB): peak = 3236.578 ; gain = 2.707 ; free physical = 797995 ; free virtual = 1153615
Wrote PulsedLatchDB: Time (s): cpu = 00:00:00 ; elapsed = 00:00:00 . Memory (MB): peak = 3236.578 ; gain = 0.000 ; free physical = 797995 ; free virtual = 1153615
Writing XDEF routing.
Writing XDEF routing logical nets.
Writing XDEF routing special nets.
Wrote RouteStorage: Time (s): cpu = 00:00:00.09 ; elapsed = 00:00:00.05 . Memory (MB): peak = 3236.578 ; gain = 0.000 ; free physical = 797993 ; free virtual = 1153614
Wrote Netlist Cache: Time (s): cpu = 00:00:00.03 ; elapsed = 00:00:00.01 . Memory (MB): peak = 3236.578 ; gain = 0.000 ; free physical = 797993 ; free virtual = 1153614
Wrote Device Cache: Time (s): cpu = 00:00:00.01 ; elapsed = 00:00:00.01 . Memory (MB): peak = 3236.578 ; gain = 0.000 ; free physical = 797993 ; free virtual = 1153615
Write Physdb Complete: Time (s): cpu = 00:00:01 ; elapsed = 00:00:00.47 . Memory (MB): peak = 3236.578 ; gain = 2.707 ; free physical = 797993 ; free virtual = 1153616
INFO: [Common 17-1381] The checkpoint '/home/yc7330/Custom-Vitis-IP-for-Tiled-GEMM/vivado/gemm_bd/gemm_bd.runs/impl_1/design_1_wrapper_physopt.dcp' has been generated.
Command: route_design
Attempting to get a license for feature 'Implementation' and/or device 'xc7z020'
INFO: [Common 17-349] Got license for feature 'Implementation' and/or device 'xc7z020'
Running DRC as a precondition to command route_design
INFO: [DRC 23-27] Running DRC with 8 threads
INFO: [Vivado_Tcl 4-198] DRC finished with 0 Errors
INFO: [Vivado_Tcl 4-199] Please refer to the DRC report (report_drc) for more information.


Starting Routing Task
INFO: [Route 35-254] Multithreading enabled for route_design using a maximum of 8 CPUs

Phase 1 Build RT Design
Checksum: PlaceDB: e84d3006 ConstDB: 0 ShapeSum: d15aaade RouteDB: 0
Post Restoration Checksum: NetGraph: fedbbc5e | NumContArr: 47ab3554 | Constraints: c2a8fa9d | Timing: c2a8fa9d
Phase 1 Build RT Design | Checksum: 2cbd8e6ec

Time (s): cpu = 00:00:19 ; elapsed = 00:00:15 . Memory (MB): peak = 3361.320 ; gain = 65.945 ; free physical = 797869 ; free virtual = 1153478

Phase 2 Router Initialization

Phase 2.1 Fix Topology Constraints
Phase 2.1 Fix Topology Constraints | Checksum: 2cbd8e6ec

Time (s): cpu = 00:00:19 ; elapsed = 00:00:15 . Memory (MB): peak = 3361.320 ; gain = 65.945 ; free physical = 797869 ; free virtual = 1153478

Phase 2.2 Pre Route Cleanup
Phase 2.2 Pre Route Cleanup | Checksum: 2cbd8e6ec

Time (s): cpu = 00:00:19 ; elapsed = 00:00:15 . Memory (MB): peak = 3361.320 ; gain = 65.945 ; free physical = 797869 ; free virtual = 1153478
 Number of Nodes with overlaps = 0

Phase 2.3 Update Timing
Phase 2.3 Update Timing | Checksum: 22836558f

Time (s): cpu = 00:00:25 ; elapsed = 00:00:17 . Memory (MB): peak = 3389.336 ; gain = 93.961 ; free physical = 797842 ; free virtual = 1153451
INFO: [Route 35-416] Intermediate Timing Summary | WNS=1.389  | TNS=0.000  | WHS=-0.185 | THS=-94.940|


Phase 2.4 Update Timing for Bus Skew

Phase 2.4.1 Update Timing
Phase 2.4.1 Update Timing | Checksum: 29ebe1b00

Time (s): cpu = 00:00:29 ; elapsed = 00:00:19 . Memory (MB): peak = 3389.336 ; gain = 93.961 ; free physical = 797841 ; free virtual = 1153453
INFO: [Route 35-416] Intermediate Timing Summary | WNS=1.389  | TNS=0.000  | WHS=N/A    | THS=N/A    |

Phase 2.4 Update Timing for Bus Skew | Checksum: 1d188eb84

Time (s): cpu = 00:00:29 ; elapsed = 00:00:19 . Memory (MB): peak = 3405.336 ; gain = 109.961 ; free physical = 797844 ; free virtual = 1153456

Router Utilization Summary
  Global Vertical Routing Utilization    = 0 %
  Global Horizontal Routing Utilization  = 0 %
  Routable Net Status*
  *Does not include unroutable nets such as driverless and loadless.
  Run report_route_status for detailed report.
  Number of Failed Nets               = 8997
    (Failed Nets is the sum of unrouted and partially routed nets)
  Number of Unrouted Nets             = 8997
  Number of Partially Routed Nets     = 0
  Number of Node Overlaps             = 0

Phase 2 Router Initialization | Checksum: 2395166ba

Time (s): cpu = 00:00:29 ; elapsed = 00:00:19 . Memory (MB): peak = 3405.336 ; gain = 109.961 ; free physical = 797831 ; free virtual = 1153442

Phase 3 Initial Routing

Phase 3.1 Global Routing
Phase 3.1 Global Routing | Checksum: 2395166ba

Time (s): cpu = 00:00:29 ; elapsed = 00:00:19 . Memory (MB): peak = 3405.336 ; gain = 109.961 ; free physical = 797831 ; free virtual = 1153442

Phase 3.2 Initial Net Routing
Phase 3.2 Initial Net Routing | Checksum: 27b99bcfb

Time (s): cpu = 00:00:31 ; elapsed = 00:00:20 . Memory (MB): peak = 3405.336 ; gain = 109.961 ; free physical = 797832 ; free virtual = 1153444
Phase 3 Initial Routing | Checksum: 27b99bcfb

Time (s): cpu = 00:00:31 ; elapsed = 00:00:20 . Memory (MB): peak = 3405.336 ; gain = 109.961 ; free physical = 797830 ; free virtual = 1153442

Phase 4 Rip-up And Reroute

Phase 4.1 Global Iteration 0
 Number of Nodes with overlaps = 436
 Number of Nodes with overlaps = 61
 Number of Nodes with overlaps = 16
 Number of Nodes with overlaps = 4
 Number of Nodes with overlaps = 1
 Number of Nodes with overlaps = 1
 Number of Nodes with overlaps = 1
 Number of Nodes with overlaps = 0
INFO: [Route 35-416] Intermediate Timing Summary | WNS=1.346  | TNS=0.000  | WHS=N/A    | THS=N/A    |

Phase 4.1 Global Iteration 0 | Checksum: 184384d34

Time (s): cpu = 00:00:37 ; elapsed = 00:00:23 . Memory (MB): peak = 3405.336 ; gain = 109.961 ; free physical = 797831 ; free virtual = 1153446

Phase 4.2 Global Iteration 1
 Number of Nodes with overlaps = 2
 Number of Nodes with overlaps = 0
INFO: [Route 35-416] Intermediate Timing Summary | WNS=1.346  | TNS=0.000  | WHS=N/A    | THS=N/A    |

Phase 4.2 Global Iteration 1 | Checksum: 1e510680b

Time (s): cpu = 00:00:37 ; elapsed = 00:00:23 . Memory (MB): peak = 3405.336 ; gain = 109.961 ; free physical = 797832 ; free virtual = 1153447
Phase 4 Rip-up And Reroute | Checksum: 1e510680b

Time (s): cpu = 00:00:37 ; elapsed = 00:00:23 . Memory (MB): peak = 3405.336 ; gain = 109.961 ; free physical = 797832 ; free virtual = 1153447

Phase 5 Delay and Skew Optimization

Phase 5.1 Delay CleanUp

Phase 5.1.1 Update Timing
Phase 5.1.1 Update Timing | Checksum: 1f83f8fc6

Time (s): cpu = 00:00:39 ; elapsed = 00:00:23 . Memory (MB): peak = 3405.336 ; gain = 109.961 ; free physical = 797832 ; free virtual = 1153447
INFO: [Route 35-416] Intermediate Timing Summary | WNS=1.377  | TNS=0.000  | WHS=N/A    | THS=N/A    |

Phase 5.1 Delay CleanUp | Checksum: 250696534

Time (s): cpu = 00:00:39 ; elapsed = 00:00:23 . Memory (MB): peak = 3405.336 ; gain = 109.961 ; free physical = 797832 ; free virtual = 1153447

Phase 5.2 Clock Skew Optimization
Phase 5.2 Clock Skew Optimization | Checksum: 250696534

Time (s): cpu = 00:00:39 ; elapsed = 00:00:23 . Memory (MB): peak = 3405.336 ; gain = 109.961 ; free physical = 797832 ; free virtual = 1153447
Phase 5 Delay and Skew Optimization | Checksum: 250696534

Time (s): cpu = 00:00:39 ; elapsed = 00:00:23 . Memory (MB): peak = 3405.336 ; gain = 109.961 ; free physical = 797832 ; free virtual = 1153447

Phase 6 Post Hold Fix

Phase 6.1 Hold Fix Iter

Phase 6.1.1 Update Timing
Phase 6.1.1 Update Timing | Checksum: 248c5b936

Time (s): cpu = 00:00:41 ; elapsed = 00:00:24 . Memory (MB): peak = 3405.336 ; gain = 109.961 ; free physical = 797838 ; free virtual = 1153453
INFO: [Route 35-416] Intermediate Timing Summary | WNS=1.377  | TNS=0.000  | WHS=0.031  | THS=0.000  |

Phase 6.1 Hold Fix Iter | Checksum: 2544b4568

Time (s): cpu = 00:00:41 ; elapsed = 00:00:24 . Memory (MB): peak = 3405.336 ; gain = 109.961 ; free physical = 797838 ; free virtual = 1153453
Phase 6 Post Hold Fix | Checksum: 2544b4568

Time (s): cpu = 00:00:41 ; elapsed = 00:00:24 . Memory (MB): peak = 3405.336 ; gain = 109.961 ; free physical = 797837 ; free virtual = 1153452

Phase 7 Route finalize

Router Utilization Summary
  Global Vertical Routing Utilization    = 1.68733 %
  Global Horizontal Routing Utilization  = 2.25828 %
  Routable Net Status*
  *Does not include unroutable nets such as driverless and loadless.
  Run report_route_status for detailed report.
  Number of Failed Nets               = 0
    (Failed Nets is the sum of unrouted and partially routed nets)
  Number of Unrouted Nets             = 0
  Number of Partially Routed Nets     = 0
  Number of Node Overlaps             = 0

Phase 7 Route finalize | Checksum: 2544b4568

Time (s): cpu = 00:00:41 ; elapsed = 00:00:24 . Memory (MB): peak = 3405.336 ; gain = 109.961 ; free physical = 797838 ; free virtual = 1153452

Phase 8 Verifying routed nets

 Verification completed successfully
Phase 8 Verifying routed nets | Checksum: 2544b4568

Time (s): cpu = 00:00:41 ; elapsed = 00:00:24 . Memory (MB): peak = 3405.336 ; gain = 109.961 ; free physical = 797835 ; free virtual = 1153450

Phase 9 Depositing Routes
Phase 9 Depositing Routes | Checksum: 26d3992ae

Time (s): cpu = 00:00:42 ; elapsed = 00:00:24 . Memory (MB): peak = 3405.336 ; gain = 109.961 ; free physical = 797838 ; free virtual = 1153453

Phase 10 Post Router Timing
INFO: [Route 35-57] Estimated Timing Summary | WNS=1.377  | TNS=0.000  | WHS=0.031  | THS=0.000  |

INFO: [Route 35-327] The final timing numbers are based on the router estimated timing analysis. For a complete and accurate timing signoff, please run report_timing_summary.
Phase 10 Post Router Timing | Checksum: 26d3992ae

Time (s): cpu = 00:00:43 ; elapsed = 00:00:25 . Memory (MB): peak = 3405.336 ; gain = 109.961 ; free physical = 797836 ; free virtual = 1153450
INFO: [Route 35-16] Router Completed Successfully

Phase 11 Post-Route Event Processing
Phase 11 Post-Route Event Processing | Checksum: 2667391f7

Time (s): cpu = 00:00:44 ; elapsed = 00:00:25 . Memory (MB): peak = 3405.336 ; gain = 109.961 ; free physical = 797838 ; free virtual = 1153452
Ending Routing Task | Checksum: 2667391f7

Time (s): cpu = 00:00:44 ; elapsed = 00:00:25 . Memory (MB): peak = 3405.336 ; gain = 109.961 ; free physical = 797837 ; free virtual = 1153452

Routing Is Done.
INFO: [Common 17-83] Releasing license: Implementation
106 Infos, 76 Warnings, 0 Critical Warnings and 0 Errors encountered.
route_design completed successfully
route_design: Time (s): cpu = 00:00:46 ; elapsed = 00:00:26 . Memory (MB): peak = 3405.336 ; gain = 168.758 ; free physical = 797838 ; free virtual = 1153453
INFO: [runtcl-4] Executing : report_drc -file design_1_wrapper_drc_routed.rpt -pb design_1_wrapper_drc_routed.pb -rpx design_1_wrapper_drc_routed.rpx
Command: report_drc -file design_1_wrapper_drc_routed.rpt -pb design_1_wrapper_drc_routed.pb -rpx design_1_wrapper_drc_routed.rpx
INFO: [IP_Flow 19-1839] IP Catalog is up to date.
INFO: [DRC 23-27] Running DRC with 8 threads
INFO: [Vivado_Tcl 2-168] The results of DRC are in file /home/yc7330/Custom-Vitis-IP-for-Tiled-GEMM/vivado/gemm_bd/gemm_bd.runs/impl_1/design_1_wrapper_drc_routed.rpt.
report_drc completed successfully
INFO: [runtcl-4] Executing : report_methodology -file design_1_wrapper_methodology_drc_routed.rpt -pb design_1_wrapper_methodology_drc_routed.pb -rpx design_1_wrapper_methodology_drc_routed.rpx
Command: report_methodology -file design_1_wrapper_methodology_drc_routed.rpt -pb design_1_wrapper_methodology_drc_routed.pb -rpx design_1_wrapper_methodology_drc_routed.rpx
INFO: [Timing 38-35] Done setting XDC timing constraints.
INFO: [DRC 23-133] Running Methodology with 8 threads
INFO: [Vivado_Tcl 2-1520] The results of Report Methodology are in file /home/yc7330/Custom-Vitis-IP-for-Tiled-GEMM/vivado/gemm_bd/gemm_bd.runs/impl_1/design_1_wrapper_methodology_drc_routed.rpt.
report_methodology completed successfully
INFO: [runtcl-4] Executing : report_power -file design_1_wrapper_power_routed.rpt -pb design_1_wrapper_power_summary_routed.pb -rpx design_1_wrapper_power_routed.rpx
Command: report_power -file design_1_wrapper_power_routed.rpt -pb design_1_wrapper_power_summary_routed.pb -rpx design_1_wrapper_power_routed.rpx
INFO: [Timing 38-35] Done setting XDC timing constraints.
Running Vector-less Activity Propagation...

Finished Running Vector-less Activity Propagation
116 Infos, 76 Warnings, 0 Critical Warnings and 0 Errors encountered.
report_power completed successfully
INFO: [runtcl-4] Executing : report_route_status -file design_1_wrapper_route_status.rpt -pb design_1_wrapper_route_status.pb
INFO: [runtcl-4] Executing : report_timing_summary -max_paths 10 -report_unconstrained -file design_1_wrapper_timing_summary_routed.rpt -pb design_1_wrapper_timing_summary_routed.pb -rpx design_1_wrapper_timing_summary_routed.rpx -warn_on_violation 
INFO: [Timing 38-91] UpdateTimingParams: Speed grade: -1, Delay Type: min_max.
INFO: [Timing 38-191] Multithreading enabled for timing update using a maximum of 8 CPUs
WARNING: [Timing 38-436] There are set_bus_skew constraint(s) in this design. Please run report_bus_skew to ensure that bus skew requirements are met.
INFO: [runtcl-4] Executing : report_incremental_reuse -file design_1_wrapper_incremental_reuse_routed.rpt
INFO: [Vivado_Tcl 4-1062] Incremental flow is disabled. No incremental reuse Info to report.
INFO: [runtcl-4] Executing : report_clock_utilization -file design_1_wrapper_clock_utilization_routed.rpt
INFO: [runtcl-4] Executing : report_bus_skew -warn_on_violation -file design_1_wrapper_bus_skew_routed.rpt -pb design_1_wrapper_bus_skew_routed.pb -rpx design_1_wrapper_bus_skew_routed.rpx
INFO: [Timing 38-91] UpdateTimingParams: Speed grade: -1, Delay Type: min_max.
INFO: [Timing 38-191] Multithreading enabled for timing update using a maximum of 8 CPUs
INFO: [Timing 38-480] Writing timing data to binary archive.
Write ShapeDB Complete: Time (s): cpu = 00:00:00.09 ; elapsed = 00:00:00.03 . Memory (MB): peak = 3599.586 ; gain = 0.000 ; free physical = 797758 ; free virtual = 1153386
Wrote PlaceDB: Time (s): cpu = 00:00:01 ; elapsed = 00:00:00.36 . Memory (MB): peak = 3599.586 ; gain = 0.000 ; free physical = 797747 ; free virtual = 1153386
Wrote PulsedLatchDB: Time (s): cpu = 00:00:00 ; elapsed = 00:00:00.01 . Memory (MB): peak = 3599.586 ; gain = 0.000 ; free physical = 797746 ; free virtual = 1153386
Writing XDEF routing.
Writing XDEF routing logical nets.
Writing XDEF routing special nets.
Wrote RouteStorage: Time (s): cpu = 00:00:00.2 ; elapsed = 00:00:00.11 . Memory (MB): peak = 3599.586 ; gain = 0.000 ; free physical = 797745 ; free virtual = 1153386
Wrote Netlist Cache: Time (s): cpu = 00:00:00.02 ; elapsed = 00:00:00.01 . Memory (MB): peak = 3599.586 ; gain = 0.000 ; free physical = 797744 ; free virtual = 1153387
Wrote Device Cache: Time (s): cpu = 00:00:00.02 ; elapsed = 00:00:00.01 . Memory (MB): peak = 3599.586 ; gain = 0.000 ; free physical = 797743 ; free virtual = 1153386
Write Physdb Complete: Time (s): cpu = 00:00:01 ; elapsed = 00:00:00.54 . Memory (MB): peak = 3599.586 ; gain = 0.000 ; free physical = 797743 ; free virtual = 1153386
INFO: [Common 17-1381] The checkpoint '/home/yc7330/Custom-Vitis-IP-for-Tiled-GEMM/vivado/gemm_bd/gemm_bd.runs/impl_1/design_1_wrapper_routed.dcp' has been generated.
Command: write_bitstream -force design_1_wrapper.bit
Attempting to get a license for feature 'Implementation' and/or device 'xc7z020'
INFO: [Common 17-349] Got license for feature 'Implementation' and/or device 'xc7z020'
Running DRC as a precondition to command write_bitstream
INFO: [IP_Flow 19-1839] IP Catalog is up to date.
INFO: [DRC 23-27] Running DRC with 8 threads
WARNING: [DRC DPIP-1] Input pipelining: DSP design_1_i/gemm_top_0/inst/array/row[0].col[0].pe_inst/c_out_reg input design_1_i/gemm_top_0/inst/array/row[0].col[0].pe_inst/c_out_reg/A[29:0] is not pipelined. Pipelining DSP48 input will improve performance.
WARNING: [DRC DPOP-2] MREG Output pipelining: DSP design_1_i/gemm_top_0/inst/array/row[7].col[0].pe_inst/c_out_reg multiplier stage design_1_i/gemm_top_0/inst/array/row[7].col[0].pe_inst/c_out_reg/P[47:0] is not pipelined (MREG=0). Pipelining the multiplier function will improve performance and will save significant power so it is suggested whenever possible to fully pipeline this function.  If this multiplier was inferred, it is suggested to describe an additional register stage after this function.  If there is no registered adder/accumulator following the multiply function, two pipeline stages are suggested to allow both the MREG and PREG registers to be used.  If the DSP48 was instantiated in the design, it is suggested to set both the MREG and PREG attributes to 1 when performing multiply functions.
WARNING: [DRC DPOP-2] MREG Output pipelining: DSP design_1_i/gemm_top_0/inst/array/row[7].col[1].pe_inst/c_out_reg multiplier stage design_1_i/gemm_top_0/inst/array/row[7].col[1].pe_inst/c_out_reg/P[47:0] is not pipelined (MREG=0). Pipelining the multiplier function will improve performance and will save significant power so it is suggested whenever possible to fully pipeline this function.  If this multiplier was inferred, it is suggested to describe an additional register stage after this function.  If there is no registered adder/accumulator following the multiply function, two pipeline stages are suggested to allow both the MREG and PREG registers to be used.  If the DSP48 was instantiated in the design, it is suggested to set both the MREG and PREG attributes to 1 when performing multiply functions.
WARNING: [DRC DPOP-2] MREG Output pipelining: DSP design_1_i/gemm_top_0/inst/array/row[7].col[2].pe_inst/c_out_reg multiplier stage design_1_i/gemm_top_0/inst/array/row[7].col[2].pe_inst/c_out_reg/P[47:0] is not pipelined (MREG=0). Pipelining the multiplier function will improve performance and will save significant power so it is suggested whenever possible to fully pipeline this function.  If this multiplier was inferred, it is suggested to describe an additional register stage after this function.  If there is no registered adder/accumulator following the multiply function, two pipeline stages are suggested to allow both the MREG and PREG registers to be used.  If the DSP48 was instantiated in the design, it is suggested to set both the MREG and PREG attributes to 1 when performing multiply functions.
WARNING: [DRC DPOP-2] MREG Output pipelining: DSP design_1_i/gemm_top_0/inst/array/row[7].col[3].pe_inst/c_out_reg multiplier stage design_1_i/gemm_top_0/inst/array/row[7].col[3].pe_inst/c_out_reg/P[47:0] is not pipelined (MREG=0). Pipelining the multiplier function will improve performance and will save significant power so it is suggested whenever possible to fully pipeline this function.  If this multiplier was inferred, it is suggested to describe an additional register stage after this function.  If there is no registered adder/accumulator following the multiply function, two pipeline stages are suggested to allow both the MREG and PREG registers to be used.  If the DSP48 was instantiated in the design, it is suggested to set both the MREG and PREG attributes to 1 when performing multiply functions.
WARNING: [DRC DPOP-2] MREG Output pipelining: DSP design_1_i/gemm_top_0/inst/array/row[7].col[4].pe_inst/c_out_reg multiplier stage design_1_i/gemm_top_0/inst/array/row[7].col[4].pe_inst/c_out_reg/P[47:0] is not pipelined (MREG=0). Pipelining the multiplier function will improve performance and will save significant power so it is suggested whenever possible to fully pipeline this function.  If this multiplier was inferred, it is suggested to describe an additional register stage after this function.  If there is no registered adder/accumulator following the multiply function, two pipeline stages are suggested to allow both the MREG and PREG registers to be used.  If the DSP48 was instantiated in the design, it is suggested to set both the MREG and PREG attributes to 1 when performing multiply functions.
WARNING: [DRC DPOP-2] MREG Output pipelining: DSP design_1_i/gemm_top_0/inst/array/row[7].col[5].pe_inst/c_out_reg multiplier stage design_1_i/gemm_top_0/inst/array/row[7].col[5].pe_inst/c_out_reg/P[47:0] is not pipelined (MREG=0). Pipelining the multiplier function will improve performance and will save significant power so it is suggested whenever possible to fully pipeline this function.  If this multiplier was inferred, it is suggested to describe an additional register stage after this function.  If there is no registered adder/accumulator following the multiply function, two pipeline stages are suggested to allow both the MREG and PREG registers to be used.  If the DSP48 was instantiated in the design, it is suggested to set both the MREG and PREG attributes to 1 when performing multiply functions.
WARNING: [DRC DPOP-2] MREG Output pipelining: DSP design_1_i/gemm_top_0/inst/array/row[7].col[6].pe_inst/c_out_reg multiplier stage design_1_i/gemm_top_0/inst/array/row[7].col[6].pe_inst/c_out_reg/P[47:0] is not pipelined (MREG=0). Pipelining the multiplier function will improve performance and will save significant power so it is suggested whenever possible to fully pipeline this function.  If this multiplier was inferred, it is suggested to describe an additional register stage after this function.  If there is no registered adder/accumulator following the multiply function, two pipeline stages are suggested to allow both the MREG and PREG registers to be used.  If the DSP48 was instantiated in the design, it is suggested to set both the MREG and PREG attributes to 1 when performing multiply functions.
WARNING: [DRC DPOP-2] MREG Output pipelining: DSP design_1_i/gemm_top_0/inst/array/row[7].col[7].pe_inst/c_out_reg multiplier stage design_1_i/gemm_top_0/inst/array/row[7].col[7].pe_inst/c_out_reg/P[47:0] is not pipelined (MREG=0). Pipelining the multiplier function will improve performance and will save significant power so it is suggested whenever possible to fully pipeline this function.  If this multiplier was inferred, it is suggested to describe an additional register stage after this function.  If there is no registered adder/accumulator following the multiply function, two pipeline stages are suggested to allow both the MREG and PREG registers to be used.  If the DSP48 was instantiated in the design, it is suggested to set both the MREG and PREG attributes to 1 when performing multiply functions.
WARNING: [DRC RTSTAT-10] No routable loads: 45 net(s) have no routable loads. The problem bus(es) and/or net(s) are design_1_i/ps7_0_axi_periph/s00_couplers/auto_cc/inst/gen_clock_conv.gen_async_conv.asyncfifo_axi/inst_fifo_gen/gaxi_full_lite.gwrite_ch.gwach2.axi_wach/grf.rf/gntv_or_sync_fifo.gl0.rd/gr1.gr1_int.rfwft/aempty_fwft_i, design_1_i/ps7_0_axi_periph/s00_couplers/auto_cc/inst/gen_clock_conv.gen_async_conv.asyncfifo_axi/inst_fifo_gen/gaxi_full_lite.gread_ch.grach2.axi_rach/grf.rf/gntv_or_sync_fifo.gl0.rd/gr1.gr1_int.rfwft/aempty_fwft_i, design_1_i/ps7_0_axi_periph/s00_couplers/auto_cc/inst/gen_clock_conv.gen_async_conv.asyncfifo_axi/inst_fifo_gen/gaxi_full_lite.gread_ch.grdch2.axi_rdch/grf.rf/gntv_or_sync_fifo.gl0.rd/gr1.gr1_int.rfwft/aempty_fwft_i, design_1_i/ps7_0_axi_periph/s00_couplers/auto_cc/inst/gen_clock_conv.gen_async_conv.asyncfifo_axi/inst_fifo_gen/gaxi_full_lite.gwrite_ch.gwdch2.axi_wdch/grf.rf/gntv_or_sync_fifo.gl0.rd/gr1.gr1_int.rfwft/aempty_fwft_i, design_1_i/ps7_0_axi_periph/s00_couplers/auto_cc/inst/gen_clock_conv.gen_async_conv.asyncfifo_axi/inst_fifo_gen/gaxi_full_lite.gwrite_ch.gwrch2.axi_wrch/grf.rf/gntv_or_sync_fifo.gl0.rd/gr1.gr1_int.rfwft/aempty_fwft_i, design_1_i/ps7_0_axi_periph/s00_couplers/auto_cc/inst/gen_clock_conv.gen_async_conv.asyncfifo_axi/inst_fifo_gen/gaxi_full_lite.gread_ch.grach2.axi_rach/grf.rf/rstblk/ngwrdrst.grst.rd_rst_reg[2:0], design_1_i/ps7_0_axi_periph/s00_couplers/auto_cc/inst/gen_clock_conv.gen_async_conv.asyncfifo_axi/inst_fifo_gen/gaxi_full_lite.gread_ch.grdch2.axi_rdch/grf.rf/rstblk/ngwrdrst.grst.rd_rst_reg[2:0], design_1_i/ps7_0_axi_periph/s00_couplers/auto_cc/inst/gen_clock_conv.gen_async_conv.asyncfifo_axi/inst_fifo_gen/gaxi_full_lite.gwrite_ch.gwach2.axi_wach/grf.rf/rstblk/ngwrdrst.grst.rd_rst_reg[2:0], design_1_i/ps7_0_axi_periph/s00_couplers/auto_cc/inst/gen_clock_conv.gen_async_conv.asyncfifo_axi/inst_fifo_gen/gaxi_full_lite.gwrite_ch.gwdch2.axi_wdch/grf.rf/rstblk/ngwrdrst.grst.rd_rst_reg[2:0], design_1_i/ps7_0_axi_periph/s00_couplers/auto_cc/inst/gen_clock_conv.gen_async_conv.asyncfifo_axi/inst_fifo_gen/gaxi_full_lite.gwrite_ch.gwrch2.axi_wrch/grf.rf/rstblk/ngwrdrst.grst.rd_rst_reg[2:0], design_1_i/ps7_0_axi_periph/s00_couplers/auto_cc/inst/gen_clock_conv.gen_async_conv.asyncfifo_axi/inst_fifo_gen/gaxi_full_lite.gwrite_ch.gwach2.axi_wach/grf.rf/rstblk/ngwrdrst.grst.wr_rst_reg[2:0], design_1_i/ps7_0_axi_periph/s00_couplers/auto_cc/inst/gen_clock_conv.gen_async_conv.asyncfifo_axi/inst_fifo_gen/gaxi_full_lite.gwrite_ch.gwdch2.axi_wdch/grf.rf/rstblk/ngwrdrst.grst.wr_rst_reg[2:0], design_1_i/ps7_0_axi_periph/s00_couplers/auto_cc/inst/gen_clock_conv.gen_async_conv.asyncfifo_axi/inst_fifo_gen/gaxi_full_lite.gwrite_ch.gwrch2.axi_wrch/grf.rf/rstblk/ngwrdrst.grst.wr_rst_reg[2:0], design_1_i/ps7_0_axi_periph/s00_couplers/auto_cc/inst/gen_clock_conv.gen_async_conv.asyncfifo_axi/inst_fifo_gen/gaxi_full_lite.gread_ch.grach2.axi_rach/grf.rf/rstblk/ngwrdrst.grst.wr_rst_reg[2:0], design_1_i/ps7_0_axi_periph/s00_couplers/auto_cc/inst/gen_clock_conv.gen_async_conv.asyncfifo_axi/inst_fifo_gen/gaxi_full_lite.gread_ch.grdch2.axi_rdch/grf.rf/rstblk/ngwrdrst.grst.wr_rst_reg[2:0]... and (the first 15 of 25 listed).
INFO: [Vivado 12-3199] DRC finished with 0 Errors, 10 Warnings
INFO: [Vivado 12-3200] Please refer to the DRC report (report_drc) for more information.
INFO: [Designutils 20-2272] Running write_bitstream with 8 threads.
Loading data files...
Loading site data...
Loading route data...
Processing options...
Creating bitmap...
Creating bitstream...
Writing bitstream ./design_1_wrapper.bit...
INFO: [Vivado 12-1842] Bitgen Completed Successfully.
INFO: [Project 1-1876] WebTalk data collection is mandatory when using a ULT device. To see the specific WebTalk data collected for your design, open the usage_statistics_webtalk.html or usage_statistics_webtalk.xml file in the implementation directory.
INFO: [Common 17-83] Releasing license: Implementation
14 Infos, 10 Warnings, 0 Critical Warnings and 0 Errors encountered.
write_bitstream completed successfully
write_bitstream: Time (s): cpu = 00:00:15 ; elapsed = 00:00:18 . Memory (MB): peak = 3869.156 ; gain = 269.570 ; free physical = 796825 ; free virtual = 1152467
INFO: [Common 17-206] Exiting Vivado at Mon May 11 15:14:41 2026...
